CRITICAL - 2023-01-12 19:27:15 --> Undefined variable $pegawai
#0 C:\xampp\htdocs\AP_2\app\Views\user_page.php(130): CodeIgniter\Debug\Exceptions->errorHandler(2, 'Undefined varia...', 'C:\\xampp\\htdocs...', 130)
#1 C:\xampp\htdocs\AP_2\system\View\View.php(210): include('C:\\xampp\\htdocs...')
#2 C:\xampp\htdocs\AP_2\system\View\View.php(213): CodeIgniter\View\View->CodeIgniter\View\{closure}()
#3 C:\xampp\htdocs\AP_2\system\Common.php(1089): CodeIgniter\View\View->render('user_page', Array, true)
#4 C:\xampp\htdocs\AP_2\app\Controllers\User.php(9): view('user_page')
#5 C:\xampp\htdocs\AP_2\system\CodeIgniter.php(832): App\Controllers\User->index()
#6 C:\xampp\htdocs\AP_2\system\CodeIgniter.php(419): CodeIgniter\CodeIgniter->runController(Object(App\Controllers\User))
#7 C:\xampp\htdocs\AP_2\system\CodeIgniter.php(326): CodeIgniter\CodeIgniter->handleRequest(NULL, Object(Config\Cache), false)
#8 C:\xampp\htdocs\AP_2\public\index.php(37): CodeIgniter\CodeIgniter->run()
#9 C:\xampp\htdocs\AP_2\system\Commands\Server\rewrite.php(43): require_once('C:\\xampp\\htdocs...')
#10 {main}
CRITICAL - 2023-01-12 20:35:48 --> password_verify(): Passing null to parameter #1 ($password) of type string is deprecated
#0 [internal function]: CodeIgniter\Debug\Exceptions->errorHandler(8192, 'password_verify...', 'C:\\xampp\\htdocs...', 25)
#1 C:\xampp\htdocs\AP_2\app\Controllers\Login.php(25): password_verify(NULL, '123456')
#2 C:\xampp\htdocs\AP_2\system\CodeIgniter.php(832): App\Controllers\Login->process()
#3 C:\xampp\htdocs\AP_2\system\CodeIgniter.php(419): CodeIgniter\CodeIgniter->runController(Object(App\Controllers\Login))
#4 C:\xampp\htdocs\AP_2\system\CodeIgniter.php(326): CodeIgniter\CodeIgniter->handleRequest(NULL, Object(Config\Cache), false)
#5 C:\xampp\htdocs\AP_2\public\index.php(37): CodeIgniter\CodeIgniter->run()
#6 C:\xampp\htdocs\AP_2\system\Commands\Server\rewrite.php(43): require_once('C:\\xampp\\htdocs...')
#7 {main}
CRITICAL - 2023-01-12 20:38:15 --> password_verify(): Passing null to parameter #1 ($password) of type string is deprecated
#0 [internal function]: CodeIgniter\Debug\Exceptions->errorHandler(8192, 'password_verify...', 'C:\\xampp\\htdocs...', 25)
#1 C:\xampp\htdocs\AP_2\app\Controllers\Login.php(25): password_verify(NULL, '123456')
#2 C:\xampp\htdocs\AP_2\system\CodeIgniter.php(832): App\Controllers\Login->process()
#3 C:\xampp\htdocs\AP_2\system\CodeIgniter.php(419): CodeIgniter\CodeIgniter->runController(Object(App\Controllers\Login))
#4 C:\xampp\htdocs\AP_2\system\CodeIgniter.php(326): CodeIgniter\CodeIgniter->handleRequest(NULL, Object(Config\Cache), false)
#5 C:\xampp\htdocs\AP_2\public\index.php(37): CodeIgniter\CodeIgniter->run()
#6 C:\xampp\htdocs\AP_2\system\Commands\Server\rewrite.php(43): require_once('C:\\xampp\\htdocs...')
#7 {main}
CRITICAL - 2023-01-12 20:42:47 --> password_verify(): Passing null to parameter #1 ($password) of type string is deprecated
#0 [internal function]: CodeIgniter\Debug\Exceptions->errorHandler(8192, 'password_verify...', 'C:\\xampp\\htdocs...', 25)
#1 C:\xampp\htdocs\AP_2\app\Controllers\Login.php(25): password_verify(NULL, '123456')
#2 C:\xampp\htdocs\AP_2\system\CodeIgniter.php(832): App\Controllers\Login->process()
#3 C:\xampp\htdocs\AP_2\system\CodeIgniter.php(419): CodeIgniter\CodeIgniter->runController(Object(App\Controllers\Login))
#4 C:\xampp\htdocs\AP_2\system\CodeIgniter.php(326): CodeIgniter\CodeIgniter->handleRequest(NULL, Object(Config\Cache), false)
#5 C:\xampp\htdocs\AP_2\public\index.php(37): CodeIgniter\CodeIgniter->run()
#6 C:\xampp\htdocs\AP_2\system\Commands\Server\rewrite.php(43): require_once('C:\\xampp\\htdocs...')
#7 {main}
CRITICAL - 2023-01-12 20:42:59 --> password_verify(): Passing null to parameter #1 ($password) of type string is deprecated
#0 [internal function]: CodeIgniter\Debug\Exceptions->errorHandler(8192, 'password_verify...', 'C:\\xampp\\htdocs...', 25)
#1 C:\xampp\htdocs\AP_2\app\Controllers\Login.php(25): password_verify(NULL, '123456')
#2 C:\xampp\htdocs\AP_2\system\CodeIgniter.php(832): App\Controllers\Login->process()
#3 C:\xampp\htdocs\AP_2\system\CodeIgniter.php(419): CodeIgniter\CodeIgniter->runController(Object(App\Controllers\Login))
#4 C:\xampp\htdocs\AP_2\system\CodeIgniter.php(326): CodeIgniter\CodeIgniter->handleRequest(NULL, Object(Config\Cache), false)
#5 C:\xampp\htdocs\AP_2\public\index.php(37): CodeIgniter\CodeIgniter->run()
#6 C:\xampp\htdocs\AP_2\system\Commands\Server\rewrite.php(43): require_once('C:\\xampp\\htdocs...')
#7 {main}
ERROR - 2023-01-12 20:44:47 --> You have an error in your SQL syntax; check the manual that corresponds to your MariaDB server version for the right syntax to use near ':0:
AND 1 = :1:
 LIMIT 1' at line 3
CRITICAL - 2023-01-12 20:44:47 --> You have an error in your SQL syntax; check the manual that corresponds to your MariaDB server version for the right syntax to use near ':0:
AND 1 = :1:
 LIMIT 1' at line 3
#0 C:\xampp\htdocs\AP_2\system\Database\MySQLi\Connection.php(292): mysqli->query('SELECT *\nFROM `...', 0)
#1 C:\xampp\htdocs\AP_2\system\Database\BaseConnection.php(670): CodeIgniter\Database\MySQLi\Connection->execute('SELECT *\nFROM `...')
#2 C:\xampp\htdocs\AP_2\system\Database\BaseConnection.php(598): CodeIgniter\Database\BaseConnection->simpleQuery('SELECT *\nFROM `...')
#3 C:\xampp\htdocs\AP_2\system\Database\BaseBuilder.php(1455): CodeIgniter\Database\BaseConnection->query('SELECT *\nFROM `...', Array, false)
#4 C:\xampp\htdocs\AP_2\system\Model.php(210): CodeIgniter\Database\BaseBuilder->get()
#5 C:\xampp\htdocs\AP_2\system\BaseModel.php(622): CodeIgniter\Model->doFirst()
#6 C:\xampp\htdocs\AP_2\app\Controllers\Login.php(21): CodeIgniter\BaseModel->first()
#7 C:\xampp\htdocs\AP_2\system\CodeIgniter.php(832): App\Controllers\Login->process()
#8 C:\xampp\htdocs\AP_2\system\CodeIgniter.php(419): CodeIgniter\CodeIgniter->runController(Object(App\Controllers\Login))
#9 C:\xampp\htdocs\AP_2\system\CodeIgniter.php(326): CodeIgniter\CodeIgniter->handleRequest(NULL, Object(Config\Cache), false)
#10 C:\xampp\htdocs\AP_2\public\index.php(37): CodeIgniter\CodeIgniter->run()
#11 C:\xampp\htdocs\AP_2\system\Commands\Server\rewrite.php(43): require_once('C:\\xampp\\htdocs...')
#12 {main}
ERROR - 2023-01-12 20:47:23 --> You have an error in your SQL syntax; check the manual that corresponds to your MariaDB server version for the right syntax to use near ':0:
AND 1 = :1:
 LIMIT 1' at line 3
CRITICAL - 2023-01-12 20:47:23 --> You have an error in your SQL syntax; check the manual that corresponds to your MariaDB server version for the right syntax to use near ':0:
AND 1 = :1:
 LIMIT 1' at line 3
#0 C:\xampp\htdocs\AP_2\system\Database\MySQLi\Connection.php(292): mysqli->query('SELECT *\nFROM `...', 0)
#1 C:\xampp\htdocs\AP_2\system\Database\BaseConnection.php(670): CodeIgniter\Database\MySQLi\Connection->execute('SELECT *\nFROM `...')
#2 C:\xampp\htdocs\AP_2\system\Database\BaseConnection.php(598): CodeIgniter\Database\BaseConnection->simpleQuery('SELECT *\nFROM `...')
#3 C:\xampp\htdocs\AP_2\system\Database\BaseBuilder.php(1455): CodeIgniter\Database\BaseConnection->query('SELECT *\nFROM `...', Array, false)
#4 C:\xampp\htdocs\AP_2\system\Model.php(210): CodeIgniter\Database\BaseBuilder->get()
#5 C:\xampp\htdocs\AP_2\system\BaseModel.php(622): CodeIgniter\Model->doFirst()
#6 C:\xampp\htdocs\AP_2\app\Controllers\Login.php(21): CodeIgniter\BaseModel->first()
#7 C:\xampp\htdocs\AP_2\system\CodeIgniter.php(832): App\Controllers\Login->process()
#8 C:\xampp\htdocs\AP_2\system\CodeIgniter.php(419): CodeIgniter\CodeIgniter->runController(Object(App\Controllers\Login))
#9 C:\xampp\htdocs\AP_2\system\CodeIgniter.php(326): CodeIgniter\CodeIgniter->handleRequest(NULL, Object(Config\Cache), false)
#10 C:\xampp\htdocs\AP_2\public\index.php(37): CodeIgniter\CodeIgniter->run()
#11 C:\xampp\htdocs\AP_2\system\Commands\Server\rewrite.php(43): require_once('C:\\xampp\\htdocs...')
#12 {main}
ERROR - 2023-01-12 20:47:30 --> You have an error in your SQL syntax; check the manual that corresponds to your MariaDB server version for the right syntax to use near ':0:
AND 1 = :1:
 LIMIT 1' at line 3
CRITICAL - 2023-01-12 20:47:30 --> You have an error in your SQL syntax; check the manual that corresponds to your MariaDB server version for the right syntax to use near ':0:
AND 1 = :1:
 LIMIT 1' at line 3
#0 C:\xampp\htdocs\AP_2\system\Database\MySQLi\Connection.php(292): mysqli->query('SELECT *\nFROM `...', 0)
#1 C:\xampp\htdocs\AP_2\system\Database\BaseConnection.php(670): CodeIgniter\Database\MySQLi\Connection->execute('SELECT *\nFROM `...')
#2 C:\xampp\htdocs\AP_2\system\Database\BaseConnection.php(598): CodeIgniter\Database\BaseConnection->simpleQuery('SELECT *\nFROM `...')
#3 C:\xampp\htdocs\AP_2\system\Database\BaseBuilder.php(1455): CodeIgniter\Database\BaseConnection->query('SELECT *\nFROM `...', Array, false)
#4 C:\xampp\htdocs\AP_2\system\Model.php(210): CodeIgniter\Database\BaseBuilder->get()
#5 C:\xampp\htdocs\AP_2\system\BaseModel.php(622): CodeIgniter\Model->doFirst()
#6 C:\xampp\htdocs\AP_2\app\Controllers\Login.php(21): CodeIgniter\BaseModel->first()
#7 C:\xampp\htdocs\AP_2\system\CodeIgniter.php(832): App\Controllers\Login->process()
#8 C:\xampp\htdocs\AP_2\system\CodeIgniter.php(419): CodeIgniter\CodeIgniter->runController(Object(App\Controllers\Login))
#9 C:\xampp\htdocs\AP_2\system\CodeIgniter.php(326): CodeIgniter\CodeIgniter->handleRequest(NULL, Object(Config\Cache), false)
#10 C:\xampp\htdocs\AP_2\public\index.php(37): CodeIgniter\CodeIgniter->run()
#11 C:\xampp\htdocs\AP_2\system\Commands\Server\rewrite.php(43): require_once('C:\\xampp\\htdocs...')
#12 {main}
ERROR - 2023-01-12 20:49:12 --> You have an error in your SQL syntax; check the manual that corresponds to your MariaDB server version for the right syntax to use near ':0:
AND 1 = :1:
 LIMIT 1' at line 3
CRITICAL - 2023-01-12 20:49:12 --> You have an error in your SQL syntax; check the manual that corresponds to your MariaDB server version for the right syntax to use near ':0:
AND 1 = :1:
 LIMIT 1' at line 3
#0 C:\xampp\htdocs\AP_2\system\Database\MySQLi\Connection.php(292): mysqli->query('SELECT *\nFROM `...', 0)
#1 C:\xampp\htdocs\AP_2\system\Database\BaseConnection.php(670): CodeIgniter\Database\MySQLi\Connection->execute('SELECT *\nFROM `...')
#2 C:\xampp\htdocs\AP_2\system\Database\BaseConnection.php(598): CodeIgniter\Database\BaseConnection->simpleQuery('SELECT *\nFROM `...')
#3 C:\xampp\htdocs\AP_2\system\Database\BaseBuilder.php(1455): CodeIgniter\Database\BaseConnection->query('SELECT *\nFROM `...', Array, false)
#4 C:\xampp\htdocs\AP_2\system\Model.php(210): CodeIgniter\Database\BaseBuilder->get()
#5 C:\xampp\htdocs\AP_2\system\BaseModel.php(622): CodeIgniter\Model->doFirst()
#6 C:\xampp\htdocs\AP_2\app\Controllers\Login.php(21): CodeIgniter\BaseModel->first()
#7 C:\xampp\htdocs\AP_2\system\CodeIgniter.php(832): App\Controllers\Login->process()
#8 C:\xampp\htdocs\AP_2\system\CodeIgniter.php(419): CodeIgniter\CodeIgniter->runController(Object(App\Controllers\Login))
#9 C:\xampp\htdocs\AP_2\system\CodeIgniter.php(326): CodeIgniter\CodeIgniter->handleRequest(NULL, Object(Config\Cache), false)
#10 C:\xampp\htdocs\AP_2\public\index.php(37): CodeIgniter\CodeIgniter->run()
#11 C:\xampp\htdocs\AP_2\system\Commands\Server\rewrite.php(43): require_once('C:\\xampp\\htdocs...')
#12 {main}
ERROR - 2023-01-12 20:49:15 --> You have an error in your SQL syntax; check the manual that corresponds to your MariaDB server version for the right syntax to use near ':0:
AND 1 IS NULL
 LIMIT 1' at line 3
CRITICAL - 2023-01-12 20:49:15 --> You have an error in your SQL syntax; check the manual that corresponds to your MariaDB server version for the right syntax to use near ':0:
AND 1 IS NULL
 LIMIT 1' at line 3
#0 C:\xampp\htdocs\AP_2\system\Database\MySQLi\Connection.php(292): mysqli->query('SELECT *\nFROM `...', 0)
#1 C:\xampp\htdocs\AP_2\system\Database\BaseConnection.php(670): CodeIgniter\Database\MySQLi\Connection->execute('SELECT *\nFROM `...')
#2 C:\xampp\htdocs\AP_2\system\Database\BaseConnection.php(598): CodeIgniter\Database\BaseConnection->simpleQuery('SELECT *\nFROM `...')
#3 C:\xampp\htdocs\AP_2\system\Database\BaseBuilder.php(1455): CodeIgniter\Database\BaseConnection->query('SELECT *\nFROM `...', Array, false)
#4 C:\xampp\htdocs\AP_2\system\Model.php(210): CodeIgniter\Database\BaseBuilder->get()
#5 C:\xampp\htdocs\AP_2\system\BaseModel.php(622): CodeIgniter\Model->doFirst()
#6 C:\xampp\htdocs\AP_2\app\Controllers\Login.php(21): CodeIgniter\BaseModel->first()
#7 C:\xampp\htdocs\AP_2\system\CodeIgniter.php(832): App\Controllers\Login->process()
#8 C:\xampp\htdocs\AP_2\system\CodeIgniter.php(419): CodeIgniter\CodeIgniter->runController(Object(App\Controllers\Login))
#9 C:\xampp\htdocs\AP_2\system\CodeIgniter.php(326): CodeIgniter\CodeIgniter->handleRequest(NULL, Object(Config\Cache), false)
#10 C:\xampp\htdocs\AP_2\public\index.php(37): CodeIgniter\CodeIgniter->run()
#11 C:\xampp\htdocs\AP_2\system\Commands\Server\rewrite.php(43): require_once('C:\\xampp\\htdocs...')
#12 {main}
ERROR - 2023-01-12 20:49:22 --> You have an error in your SQL syntax; check the manual that corresponds to your MariaDB server version for the right syntax to use near ':0:
AND 1 = :1:
 LIMIT 1' at line 3
CRITICAL - 2023-01-12 20:49:22 --> You have an error in your SQL syntax; check the manual that corresponds to your MariaDB server version for the right syntax to use near ':0:
AND 1 = :1:
 LIMIT 1' at line 3
#0 C:\xampp\htdocs\AP_2\system\Database\MySQLi\Connection.php(292): mysqli->query('SELECT *\nFROM `...', 0)
#1 C:\xampp\htdocs\AP_2\system\Database\BaseConnection.php(670): CodeIgniter\Database\MySQLi\Connection->execute('SELECT *\nFROM `...')
#2 C:\xampp\htdocs\AP_2\system\Database\BaseConnection.php(598): CodeIgniter\Database\BaseConnection->simpleQuery('SELECT *\nFROM `...')
#3 C:\xampp\htdocs\AP_2\system\Database\BaseBuilder.php(1455): CodeIgniter\Database\BaseConnection->query('SELECT *\nFROM `...', Array, false)
#4 C:\xampp\htdocs\AP_2\system\Model.php(210): CodeIgniter\Database\BaseBuilder->get()
#5 C:\xampp\htdocs\AP_2\system\BaseModel.php(622): CodeIgniter\Model->doFirst()
#6 C:\xampp\htdocs\AP_2\app\Controllers\Login.php(21): CodeIgniter\BaseModel->first()
#7 C:\xampp\htdocs\AP_2\system\CodeIgniter.php(832): App\Controllers\Login->process()
#8 C:\xampp\htdocs\AP_2\system\CodeIgniter.php(419): CodeIgniter\CodeIgniter->runController(Object(App\Controllers\Login))
#9 C:\xampp\htdocs\AP_2\system\CodeIgniter.php(326): CodeIgniter\CodeIgniter->handleRequest(NULL, Object(Config\Cache), false)
#10 C:\xampp\htdocs\AP_2\public\index.php(37): CodeIgniter\CodeIgniter->run()
#11 C:\xampp\htdocs\AP_2\system\Commands\Server\rewrite.php(43): require_once('C:\\xampp\\htdocs...')
#12 {main}
ERROR - 2023-01-12 20:50:28 --> You have an error in your SQL syntax; check the manual that corresponds to your MariaDB server version for the right syntax to use near ':0:
AND 1 = :1:
 LIMIT 1' at line 3
CRITICAL - 2023-01-12 20:50:28 --> You have an error in your SQL syntax; check the manual that corresponds to your MariaDB server version for the right syntax to use near ':0:
AND 1 = :1:
 LIMIT 1' at line 3
#0 C:\xampp\htdocs\AP_2\system\Database\MySQLi\Connection.php(292): mysqli->query('SELECT *\nFROM `...', 0)
#1 C:\xampp\htdocs\AP_2\system\Database\BaseConnection.php(670): CodeIgniter\Database\MySQLi\Connection->execute('SELECT *\nFROM `...')
#2 C:\xampp\htdocs\AP_2\system\Database\BaseConnection.php(598): CodeIgniter\Database\BaseConnection->simpleQuery('SELECT *\nFROM `...')
#3 C:\xampp\htdocs\AP_2\system\Database\BaseBuilder.php(1455): CodeIgniter\Database\BaseConnection->query('SELECT *\nFROM `...', Array, false)
#4 C:\xampp\htdocs\AP_2\system\Model.php(210): CodeIgniter\Database\BaseBuilder->get()
#5 C:\xampp\htdocs\AP_2\system\BaseModel.php(622): CodeIgniter\Model->doFirst()
#6 C:\xampp\htdocs\AP_2\app\Controllers\Login.php(21): CodeIgniter\BaseModel->first()
#7 C:\xampp\htdocs\AP_2\system\CodeIgniter.php(832): App\Controllers\Login->process()
#8 C:\xampp\htdocs\AP_2\system\CodeIgniter.php(419): CodeIgniter\CodeIgniter->runController(Object(App\Controllers\Login))
#9 C:\xampp\htdocs\AP_2\system\CodeIgniter.php(326): CodeIgniter\CodeIgniter->handleRequest(NULL, Object(Config\Cache), false)
#10 C:\xampp\htdocs\AP_2\public\index.php(37): CodeIgniter\CodeIgniter->run()
#11 C:\xampp\htdocs\AP_2\system\Commands\Server\rewrite.php(43): require_once('C:\\xampp\\htdocs...')
#12 {main}
ERROR - 2023-01-12 20:50:35 --> You have an error in your SQL syntax; check the manual that corresponds to your MariaDB server version for the right syntax to use near ':0:
AND 1 = :1:
 LIMIT 1' at line 3
CRITICAL - 2023-01-12 20:50:35 --> You have an error in your SQL syntax; check the manual that corresponds to your MariaDB server version for the right syntax to use near ':0:
AND 1 = :1:
 LIMIT 1' at line 3
#0 C:\xampp\htdocs\AP_2\system\Database\MySQLi\Connection.php(292): mysqli->query('SELECT *\nFROM `...', 0)
#1 C:\xampp\htdocs\AP_2\system\Database\BaseConnection.php(670): CodeIgniter\Database\MySQLi\Connection->execute('SELECT *\nFROM `...')
#2 C:\xampp\htdocs\AP_2\system\Database\BaseConnection.php(598): CodeIgniter\Database\BaseConnection->simpleQuery('SELECT *\nFROM `...')
#3 C:\xampp\htdocs\AP_2\system\Database\BaseBuilder.php(1455): CodeIgniter\Database\BaseConnection->query('SELECT *\nFROM `...', Array, false)
#4 C:\xampp\htdocs\AP_2\system\Model.php(210): CodeIgniter\Database\BaseBuilder->get()
#5 C:\xampp\htdocs\AP_2\system\BaseModel.php(622): CodeIgniter\Model->doFirst()
#6 C:\xampp\htdocs\AP_2\app\Controllers\Login.php(21): CodeIgniter\BaseModel->first()
#7 C:\xampp\htdocs\AP_2\system\CodeIgniter.php(832): App\Controllers\Login->process()
#8 C:\xampp\htdocs\AP_2\system\CodeIgniter.php(419): CodeIgniter\CodeIgniter->runController(Object(App\Controllers\Login))
#9 C:\xampp\htdocs\AP_2\system\CodeIgniter.php(326): CodeIgniter\CodeIgniter->handleRequest(NULL, Object(Config\Cache), false)
#10 C:\xampp\htdocs\AP_2\public\index.php(37): CodeIgniter\CodeIgniter->run()
#11 C:\xampp\htdocs\AP_2\system\Commands\Server\rewrite.php(43): require_once('C:\\xampp\\htdocs...')
#12 {main}
ERROR - 2023-01-12 21:44:28 --> Unknown column 'username' in 'where clause'
CRITICAL - 2023-01-12 21:44:28 --> Unknown column 'username' in 'where clause'
#0 C:\xampp\htdocs\AP_2\system\Database\MySQLi\Connection.php(292): mysqli->query('SELECT *\nFROM `...', 0)
#1 C:\xampp\htdocs\AP_2\system\Database\BaseConnection.php(670): CodeIgniter\Database\MySQLi\Connection->execute('SELECT *\nFROM `...')
#2 C:\xampp\htdocs\AP_2\system\Database\BaseConnection.php(598): CodeIgniter\Database\BaseConnection->simpleQuery('SELECT *\nFROM `...')
#3 C:\xampp\htdocs\AP_2\system\Database\BaseBuilder.php(1455): CodeIgniter\Database\BaseConnection->query('SELECT *\nFROM `...', Array, false)
#4 C:\xampp\htdocs\AP_2\system\Model.php(210): CodeIgniter\Database\BaseBuilder->get()
#5 C:\xampp\htdocs\AP_2\system\BaseModel.php(622): CodeIgniter\Model->doFirst()
#6 C:\xampp\htdocs\AP_2\app\Controllers\Login.php(22): CodeIgniter\BaseModel->first()
#7 C:\xampp\htdocs\AP_2\system\CodeIgniter.php(832): App\Controllers\Login->process()
#8 C:\xampp\htdocs\AP_2\system\CodeIgniter.php(419): CodeIgniter\CodeIgniter->runController(Object(App\Controllers\Login))
#9 C:\xampp\htdocs\AP_2\system\CodeIgniter.php(326): CodeIgniter\CodeIgniter->handleRequest(NULL, Object(Config\Cache), false)
#10 C:\xampp\htdocs\AP_2\public\index.php(37): CodeIgniter\CodeIgniter->run()
#11 C:\xampp\htdocs\AP_2\system\Commands\Server\rewrite.php(43): require_once('C:\\xampp\\htdocs...')
#12 {main}
ERROR - 2023-01-12 21:45:00 --> Unknown column 'username' in 'where clause'
CRITICAL - 2023-01-12 21:45:00 --> Unknown column 'username' in 'where clause'
#0 C:\xampp\htdocs\AP_2\system\Database\MySQLi\Connection.php(292): mysqli->query('SELECT *\nFROM `...', 0)
#1 C:\xampp\htdocs\AP_2\system\Database\BaseConnection.php(670): CodeIgniter\Database\MySQLi\Connection->execute('SELECT *\nFROM `...')
#2 C:\xampp\htdocs\AP_2\system\Database\BaseConnection.php(598): CodeIgniter\Database\BaseConnection->simpleQuery('SELECT *\nFROM `...')
#3 C:\xampp\htdocs\AP_2\system\Database\BaseBuilder.php(1455): CodeIgniter\Database\BaseConnection->query('SELECT *\nFROM `...', Array, false)
#4 C:\xampp\htdocs\AP_2\system\Model.php(210): CodeIgniter\Database\BaseBuilder->get()
#5 C:\xampp\htdocs\AP_2\system\BaseModel.php(622): CodeIgniter\Model->doFirst()
#6 C:\xampp\htdocs\AP_2\app\Controllers\Login.php(22): CodeIgniter\BaseModel->first()
#7 C:\xampp\htdocs\AP_2\system\CodeIgniter.php(832): App\Controllers\Login->process()
#8 C:\xampp\htdocs\AP_2\system\CodeIgniter.php(419): CodeIgniter\CodeIgniter->runController(Object(App\Controllers\Login))
#9 C:\xampp\htdocs\AP_2\system\CodeIgniter.php(326): CodeIgniter\CodeIgniter->handleRequest(NULL, Object(Config\Cache), false)
#10 C:\xampp\htdocs\AP_2\public\index.php(37): CodeIgniter\CodeIgniter->run()
#11 C:\xampp\htdocs\AP_2\system\Commands\Server\rewrite.php(43): require_once('C:\\xampp\\htdocs...')
#12 {main}
ERROR - 2023-01-12 21:49:24 --> Unknown column 'username' in 'where clause'
CRITICAL - 2023-01-12 21:49:24 --> Unknown column 'username' in 'where clause'
#0 C:\xampp\htdocs\AP_2\system\Database\MySQLi\Connection.php(292): mysqli->query('SELECT *\nFROM `...', 0)
#1 C:\xampp\htdocs\AP_2\system\Database\BaseConnection.php(670): CodeIgniter\Database\MySQLi\Connection->execute('SELECT *\nFROM `...')
#2 C:\xampp\htdocs\AP_2\system\Database\BaseConnection.php(598): CodeIgniter\Database\BaseConnection->simpleQuery('SELECT *\nFROM `...')
#3 C:\xampp\htdocs\AP_2\system\Database\BaseBuilder.php(1455): CodeIgniter\Database\BaseConnection->query('SELECT *\nFROM `...', Array, false)
#4 C:\xampp\htdocs\AP_2\system\Model.php(210): CodeIgniter\Database\BaseBuilder->get()
#5 C:\xampp\htdocs\AP_2\system\BaseModel.php(622): CodeIgniter\Model->doFirst()
#6 C:\xampp\htdocs\AP_2\app\Controllers\Login.php(22): CodeIgniter\BaseModel->first()
#7 C:\xampp\htdocs\AP_2\system\CodeIgniter.php(832): App\Controllers\Login->process()
#8 C:\xampp\htdocs\AP_2\system\CodeIgniter.php(419): CodeIgniter\CodeIgniter->runController(Object(App\Controllers\Login))
#9 C:\xampp\htdocs\AP_2\system\CodeIgniter.php(326): CodeIgniter\CodeIgniter->handleRequest(NULL, Object(Config\Cache), false)
#10 C:\xampp\htdocs\AP_2\public\index.php(37): CodeIgniter\CodeIgniter->run()
#11 C:\xampp\htdocs\AP_2\system\Commands\Server\rewrite.php(43): require_once('C:\\xampp\\htdocs...')
#12 {main}
CRITICAL - 2023-01-12 21:53:06 --> password_verify(): Passing null to parameter #1 ($password) of type string is deprecated
#0 [internal function]: CodeIgniter\Debug\Exceptions->errorHandler(8192, 'password_verify...', 'C:\\xampp\\htdocs...', 24)
#1 C:\xampp\htdocs\AP_2\app\Controllers\Login.php(24): password_verify(NULL, '123456')
#2 C:\xampp\htdocs\AP_2\system\CodeIgniter.php(832): App\Controllers\Login->process()
#3 C:\xampp\htdocs\AP_2\system\CodeIgniter.php(419): CodeIgniter\CodeIgniter->runController(Object(App\Controllers\Login))
#4 C:\xampp\htdocs\AP_2\system\CodeIgniter.php(326): CodeIgniter\CodeIgniter->handleRequest(NULL, Object(Config\Cache), false)
#5 C:\xampp\htdocs\AP_2\public\index.php(37): CodeIgniter\CodeIgniter->run()
#6 C:\xampp\htdocs\AP_2\system\Commands\Server\rewrite.php(43): require_once('C:\\xampp\\htdocs...')
#7 {main}
CRITICAL - 2023-01-12 21:55:06 --> password_verify(): Passing null to parameter #1 ($password) of type string is deprecated
#0 [internal function]: CodeIgniter\Debug\Exceptions->errorHandler(8192, 'password_verify...', 'C:\\xampp\\htdocs...', 23)
#1 C:\xampp\htdocs\AP_2\app\Controllers\Login.php(23): password_verify(NULL, '123456')
#2 C:\xampp\htdocs\AP_2\system\CodeIgniter.php(832): App\Controllers\Login->process()
#3 C:\xampp\htdocs\AP_2\system\CodeIgniter.php(419): CodeIgniter\CodeIgniter->runController(Object(App\Controllers\Login))
#4 C:\xampp\htdocs\AP_2\system\CodeIgniter.php(326): CodeIgniter\CodeIgniter->handleRequest(NULL, Object(Config\Cache), false)
#5 C:\xampp\htdocs\AP_2\public\index.php(37): CodeIgniter\CodeIgniter->run()
#6 C:\xampp\htdocs\AP_2\system\Commands\Server\rewrite.php(43): require_once('C:\\xampp\\htdocs...')
#7 {main}
CRITICAL - 2023-01-12 21:55:16 --> password_verify(): Passing null to parameter #1 ($password) of type string is deprecated
#0 [internal function]: CodeIgniter\Debug\Exceptions->errorHandler(8192, 'password_verify...', 'C:\\xampp\\htdocs...', 23)
#1 C:\xampp\htdocs\AP_2\app\Controllers\Login.php(23): password_verify(NULL, '123456')
#2 C:\xampp\htdocs\AP_2\system\CodeIgniter.php(832): App\Controllers\Login->process()
#3 C:\xampp\htdocs\AP_2\system\CodeIgniter.php(419): CodeIgniter\CodeIgniter->runController(Object(App\Controllers\Login))
#4 C:\xampp\htdocs\AP_2\system\CodeIgniter.php(326): CodeIgniter\CodeIgniter->handleRequest(NULL, Object(Config\Cache), false)
#5 C:\xampp\htdocs\AP_2\public\index.php(37): CodeIgniter\CodeIgniter->run()
#6 C:\xampp\htdocs\AP_2\system\Commands\Server\rewrite.php(43): require_once('C:\\xampp\\htdocs...')
#7 {main}
CRITICAL - 2023-01-12 21:56:58 --> Cannot use object of type stdClass as array
#0 C:\xampp\htdocs\AP_2\system\CodeIgniter.php(832): App\Controllers\Login->process()
#1 C:\xampp\htdocs\AP_2\system\CodeIgniter.php(419): CodeIgniter\CodeIgniter->runController(Object(App\Controllers\Login))
#2 C:\xampp\htdocs\AP_2\system\CodeIgniter.php(326): CodeIgniter\CodeIgniter->handleRequest(NULL, Object(Config\Cache), false)
#3 C:\xampp\htdocs\AP_2\public\index.php(37): CodeIgniter\CodeIgniter->run()
#4 C:\xampp\htdocs\AP_2\system\Commands\Server\rewrite.php(43): require_once('C:\\xampp\\htdocs...')
#5 {main}
CRITICAL - 2023-01-12 21:57:59 --> Cannot use object of type stdClass as array
#0 C:\xampp\htdocs\AP_2\system\CodeIgniter.php(832): App\Controllers\Login->process()
#1 C:\xampp\htdocs\AP_2\system\CodeIgniter.php(419): CodeIgniter\CodeIgniter->runController(Object(App\Controllers\Login))
#2 C:\xampp\htdocs\AP_2\system\CodeIgniter.php(326): CodeIgniter\CodeIgniter->handleRequest(NULL, Object(Config\Cache), false)
#3 C:\xampp\htdocs\AP_2\public\index.php(37): CodeIgniter\CodeIgniter->run()
#4 C:\xampp\htdocs\AP_2\system\Commands\Server\rewrite.php(43): require_once('C:\\xampp\\htdocs...')
#5 {main}
